<?xml version="1.0" encoding="UTF-8"?>
<!-- Generated by org.testng.reporters.JUnitReportReporter -->
<testsuite hostname="DESKTOP-69LV29J" failures="0" tests="1" name="tests.LoginTest" time="9.502" errors="0" timestamp="2022-10-11T20:26:15 EET" skipped="0">
  <testcase classname="tests.LoginTest" name="loginSucessfuly" time="9.502"/>
  <system-out/>
</testsuite> <!-- tests.LoginTest -->
