<?xml version="1.0" encoding="UTF-8"?>
<!-- Generated by org.testng.reporters.JUnitReportReporter -->
<testsuite hostname="DESKTOP-69LV29J" failures="0" tests="1" name="tests.VisaTest" time="49.712" errors="0" timestamp="2022-10-15T01:45:35 EET" skipped="0">
  <testcase classname="tests.VisaTest" name="apply_visa_sucessfully" time="49.712"/>
  <system-out/>
</testsuite> <!-- tests.VisaTest -->
