<?xml version="1.0" encoding="UTF-8"?>
<!-- Generated by org.testng.reporters.JUnitReportReporter -->
<testsuite hostname="DESKTOP-69LV29J" failures="0" tests="1" name="tests.HotelsTest" time="12.601" errors="0" timestamp="2022-10-14T21:56:05 EET" skipped="0">
  <testcase classname="tests.HotelsTest" name="revers_hotel_sucessfully" time="12.601"/>
  <system-out/>
</testsuite> <!-- tests.HotelsTest -->
